# JRE version: Java(TM) SE Runtime Environment (25.0.4.1+1) (build 25.0.4.1+1-LTS-5)
# Java VM: Java HotSpot(TM) 64-Bit Server VM (25.0.4.1+1-LTS-5, mixed mode, sharing, tiered, compressed oops, compressed class ptrs, g1 gc, windows-amd64)
GC Precious Log:
 CardTable entry size: 512
 Card Set container configuration: InlinePtr #cards 5 size 8 Array Of Cards #cards 10 size 36 Howl #buckets 4 coarsen threshold 1843 Howl Bitmap #cards 512 size 80 coarsen threshold 460 Card regions per heap region 1 cards per card region 2048
 CPUs: 8 total, 8 available
 Memory: 8071M
 Large Page Support: Disabled
 NUMA Support: Disabled
 Compressed Oops: Enabled (32-bit)
 Heap Region Size: 1M
 Heap Min Capacity: 8M
 Heap Initial Capacity: 128M
 Heap Max Capacity: 2018M
 Pre-touch: Disabled
 Parallel Workers: 8
 Concurrent Workers: 2
 Concurrent Refinement Workers: 8
 Periodic GC: Disabled
Heap:
 garbage-first heap   total reserved 2066432K, committed 219136K, used 77093K [0x0000000081e00000, 0x0000000100000000)
  region size 1024K, 13 young (13312K), 2 survivors (2048K)
GC Heap Usage History (20 events):
Event: 69.731 {heap Before GC invocations=55 (full 20):
 garbage-first heap   total reserved 2066432K, committed 260096K, used 74143K [0x0000000081e00000, 0x0000000100000000)
  region size 1024K, 1 young (1024K), 0 survivors (0K)
}
Event: 69.732 {heap After GC invocations=56 (full 20):
 garbage-first heap   total reserved 2066432K, committed 260096K, used 74157K [0x0000000081e00000, 0x0000000100000000)
  region size 1024K, 1 young (1024K), 1 survivors (1024K)
}
Event: 69.733 {heap Before GC invocations=56 (full 20):
 garbage-first heap   total reserved 2066432K, committed 260096K, used 76205K [0x0000000081e00000, 0x0000000100000000)
  region size 1024K, 2 young (2048K), 1 survivors (1024K)
}
Event: 69.763 {heap After GC invocations=57 (full 21):
 garbage-first heap   total reserved 2066432K, committed 260096K, used 74144K [0x0000000081e00000, 0x0000000100000000)
  region size 1024K, 0 young (0K), 0 survivors (0K)
}
Event: 69.810 {heap Before GC invocations=57 (full 21):
 garbage-first heap   total reserved 2066432K, committed 260096K, used 74144K [0x0000000081e00000, 0x0000000100000000)
  region size 1024K, 1 young (1024K), 0 survivors (0K)
}
Event: 69.817 {heap After GC invocations=58 (full 21):
 garbage-first heap   total reserved 2066432K, committed 780288K, used 74194K [0x0000000081e00000, 0x0000000100000000)
  region size 1024K, 1 young (1024K), 1 survivors (1024K)
}
Event: 69.833 {heap Before GC invocations=58 (full 21):
 garbage-first heap   total reserved 2066432K, committed 780288K, used 77266K [0x0000000081e00000, 0x0000000100000000)
  region size 1024K, 3 young (3072K), 1 survivors (1024K)
}
Event: 69.868 {heap After GC invocations=59 (full 22):
 garbage-first heap   total reserved 2066432K, committed 260096K, used 74209K [0x0000000081e00000, 0x0000000100000000)
  region size 1024K, 0 young (0K), 0 survivors (0K)
}
Event: 70.277 {heap Before GC invocations=59 (full 22):
 garbage-first heap   total reserved 2066432K, committed 260096K, used 75233K [0x0000000081e00000, 0x0000000100000000)
  region size 1024K, 2 young (2048K), 0 survivors (0K)
}
Event: 70.298 {heap After GC invocations=60 (full 23):
 garbage-first heap   total reserved 2066432K, committed 260096K, used 74505K [0x0000000081e00000, 0x0000000100000000)
  region size 1024K, 0 young (0K), 0 survivors (0K)
}
Event: 70.298 {heap Before GC invocations=60 (full 23):
 garbage-first heap   total reserved 2066432K, committed 260096K, used 74505K [0x0000000081e00000, 0x0000000100000000)
  region size 1024K, 1 young (1024K), 0 survivors (0K)
}
Event: 70.320 {heap After GC invocations=61 (full 24):
 garbage-first heap   total reserved 2066432K, committed 256000K, used 74504K [0x0000000081e00000, 0x0000000100000000)
  region size 1024K, 0 young (0K), 0 survivors (0K)
}
Event: 70.342 {heap Before GC invocations=61 (full 24):
 garbage-first heap   total reserved 2066432K, committed 256000K, used 74504K [0x0000000081e00000, 0x0000000100000000)
  region size 1024K, 1 young (1024K), 0 survivors (0K)
}
Event: 70.365 {heap After GC invocations=62 (full 25):
 garbage-first heap   total reserved 2066432K, committed 256000K, used 74504K [0x0000000081e00000, 0x0000000100000000)
  region size 1024K, 0 young (0K), 0 survivors (0K)
}
Event: 70.365 {heap Before GC invocations=62 (full 25):
 garbage-first heap   total reserved 2066432K, committed 256000K, used 74504K [0x0000000081e00000, 0x0000000100000000)
  region size 1024K, 0 young (0K), 0 survivors (0K)
}
Event: 70.386 {heap After GC invocations=63 (full 26):
 garbage-first heap   total reserved 2066432K, committed 256000K, used 74504K [0x0000000081e00000, 0x0000000100000000)
  region size 1024K, 0 young (0K), 0 survivors (0K)
}
Event: 85.641 {heap Before GC invocations=63 (full 26):
 garbage-first heap   total reserved 2066432K, committed 256000K, used 78600K [0x0000000081e00000, 0x0000000100000000)
  region size 1024K, 5 young (5120K), 0 survivors (0K)
}
Event: 85.667 {heap After GC invocations=64 (full 27):
 garbage-first heap   total reserved 2066432K, committed 219136K, used 63235K [0x0000000081e00000, 0x0000000100000000)
  region size 1024K, 0 young (0K), 0 survivors (0K)
}
Event: 90.260 {heap Before GC invocations=64 (full 27):
 garbage-first heap   total reserved 2066432K, committed 219136K, used 80643K [0x0000000081e00000, 0x0000000100000000)
  region size 1024K, 19 young (19456K), 0 survivors (0K)
}
Event: 90.269 {heap After GC invocations=65 (full 27):
 garbage-first heap   total reserved 2066432K, committed 219136K, used 64805K [0x0000000081e00000, 0x0000000100000000)
  region size 1024K, 2 young (2048K), 2 survivors (2048K)
}

